[2025-02-16 18:28:46] This is codeql database create my_db --language=python --source-root=../backend
[2025-02-16 18:28:46] Log file was started late.
[2025-02-16 18:28:46] [PROGRESS] database create> Initializing database at /Users/sindhu/Projects/AI-Bug-Fixer/backend/my_db.
[2025-02-16 18:28:46] Running plumbing command: codeql database init --language=python --extractor-options-verbosity=1 --qlconfig-file=/Users/sindhu/Projects/AI-Bug-Fixer/backend/qlconfig.yml --source-root=/Users/sindhu/Projects/AI-Bug-Fixer/backend --allow-missing-source-root=false --allow-already-existing -- /Users/sindhu/Projects/AI-Bug-Fixer/backend/my_db
[2025-02-16 18:28:46] Calling plumbing command: codeql resolve languages --extractor-options-verbosity=1 --format=betterjson
[2025-02-16 18:28:46] [DETAILS] resolve languages> Scanning for [codeql-extractor.yml] from /opt/homebrew/Caskroom/codeql/2.20.4/codeql/.codeqlmanifest.json
[2025-02-16 18:28:46] [DETAILS] resolve languages> Parsing /opt/homebrew/Caskroom/codeql/2.20.4/codeql/go/codeql-extractor.yml.
[2025-02-16 18:28:46] [DETAILS] resolve languages> Parsing /opt/homebrew/Caskroom/codeql/2.20.4/codeql/python/codeql-extractor.yml.
[2025-02-16 18:28:46] [DETAILS] resolve languages> Parsing /opt/homebrew/Caskroom/codeql/2.20.4/codeql/java/codeql-extractor.yml.
[2025-02-16 18:28:46] [DETAILS] resolve languages> Parsing /opt/homebrew/Caskroom/codeql/2.20.4/codeql/html/codeql-extractor.yml.
[2025-02-16 18:28:46] [DETAILS] resolve languages> Parsing /opt/homebrew/Caskroom/codeql/2.20.4/codeql/xml/codeql-extractor.yml.
[2025-02-16 18:28:46] [DETAILS] resolve languages> Parsing /opt/homebrew/Caskroom/codeql/2.20.4/codeql/properties/codeql-extractor.yml.
[2025-02-16 18:28:46] [DETAILS] resolve languages> Parsing /opt/homebrew/Caskroom/codeql/2.20.4/codeql/cpp/codeql-extractor.yml.
[2025-02-16 18:28:46] [DETAILS] resolve languages> Parsing /opt/homebrew/Caskroom/codeql/2.20.4/codeql/swift/codeql-extractor.yml.
[2025-02-16 18:28:46] [DETAILS] resolve languages> Parsing /opt/homebrew/Caskroom/codeql/2.20.4/codeql/csv/codeql-extractor.yml.
[2025-02-16 18:28:46] [DETAILS] resolve languages> Parsing /opt/homebrew/Caskroom/codeql/2.20.4/codeql/actions/codeql-extractor.yml.
[2025-02-16 18:28:46] [DETAILS] resolve languages> Parsing /opt/homebrew/Caskroom/codeql/2.20.4/codeql/yaml/codeql-extractor.yml.
[2025-02-16 18:28:46] [DETAILS] resolve languages> Parsing /opt/homebrew/Caskroom/codeql/2.20.4/codeql/csharp/codeql-extractor.yml.
[2025-02-16 18:28:46] [DETAILS] resolve languages> Parsing /opt/homebrew/Caskroom/codeql/2.20.4/codeql/javascript/codeql-extractor.yml.
[2025-02-16 18:28:46] [DETAILS] resolve languages> Parsing /opt/homebrew/Caskroom/codeql/2.20.4/codeql/ruby/codeql-extractor.yml.
[2025-02-16 18:28:46] Plumbing command codeql resolve languages completed:
                      {
                        "aliases" : {
                          "c" : "cpp",
                          "c++" : "cpp",
                          "c-c++" : "cpp",
                          "c-cpp" : "cpp",
                          "c#" : "csharp",
                          "java-kotlin" : "java",
                          "kotlin" : "java",
                          "javascript-typescript" : "javascript",
                          "typescript" : "javascript"
                        },
                        "extractors" : {
                          "go" : [
                            {
                              "extractor_root" : "/opt/homebrew/Caskroom/codeql/2.20.4/codeql/go",
                              "extractor_options" : {
                                "extract_tests" : {
                                  "title" : "Whether to include Go test files in the CodeQL database.",
                                  "description" : "A value indicating whether Go test files should be included in the CodeQL database. The default is 'false'.\n",
                                  "type" : "string",
                                  "pattern" : "^(false|true)$"
                                },
                                "extract_vendor_dirs" : {
                                  "title" : "Whether to include Go vendor directories in the CodeQL database.",
                                  "description" : "A value indicating whether Go vendor directories should be included in the CodeQL database. The default is 'false'.\n",
                                  "type" : "string",
                                  "pattern" : "^(false|true)$"
                                }
                              }
                            }
                          ],
                          "python" : [
                            {
                              "extractor_root" : "/opt/homebrew/Caskroom/codeql/2.20.4/codeql/python",
                              "extractor_options" : {
                                "logging" : {
                                  "title" : "Options pertaining to logging.",
                                  "description" : "Options pertaining to logging.",
                                  "type" : "object",
                                  "properties" : {
                                    "verbosity" : {
                                      "title" : "Python extractor logging verbosity level.",
                                      "description" : "Controls the level of verbosity of the CodeQL Python extractor.\nThe supported levels are (in order of increasing verbosity):\n\n  - off\n  - errors\n  - warnings\n  - info or progress\n  - debug or progress+\n  - trace or progress++\n  - progress+++\n",
                                      "type" : "string",
                                      "pattern" : "^(off|errors|warnings|(info|progress)|(debug|progress\\+)|(trace|progress\\+\\+)|progress\\+\\+\\+)$"
                                    }
                                  }
                                },
                                "python_executable_name" : {
                                  "title" : "Controls the name of the Python executable used by the Python extractor.",
                                  "description" : "The Python extractor uses platform-dependent heuristics to determine the name of the Python executable to use. Specifying a value for this option overrides the name of the Python executable used by the extractor. Accepted values are py, python and python3. Use this setting with caution, the Python extractor requires Python 3 to run.\n",
                                  "type" : "string",
                                  "pattern" : "^(py|python|python3)$"
                                }
                              }
                            }
                          ],
                          "java" : [
                            {
                              "extractor_root" : "/opt/homebrew/Caskroom/codeql/2.20.4/codeql/java",
                              "extractor_options" : {
                                "exclude" : {
                                  "title" : "A glob excluding files from analysis.",
                                  "description" : "A glob indicating what files to exclude from the analysis.\n",
                                  "type" : "string"
                                },
                                "add_prefer_source" : {
                                  "title" : "Whether to always prefer source files over class files.",
                                  "description" : "A value indicating whether source files should be preferred over class files. If set to 'true', the extraction adds '-Xprefer:source' to the javac command line. If set to 'false', the extraction uses the default javac behavior ('-Xprefer:newer'). The default is 'true'.\n",
                                  "type" : "string",
                                  "pattern" : "^(false|true)$"
                                },
                                "buildless" : {
                                  "title" : "Whether to use buildless (standalone) extraction (experimental).",
                                  "description" : "A value indicating, which type of extraction the autobuilder should perform. If 'true', then the standalone extractor will be used, otherwise tracing extraction will be performed. The default is 'false'. Note that buildless extraction will generally yield less accurate analysis results, and should only be used in cases where it is not possible to build the code (for example if it uses inaccessible dependencies).\n",
                                  "type" : "string",
                                  "pattern" : "^(false|true)$"
                                }
                              }
                            }
                          ],
                          "html" : [
                            {
                              "extractor_root" : "/opt/homebrew/Caskroom/codeql/2.20.4/codeql/html"
                            }
                          ],
                          "xml" : [
                            {
                              "extractor_root" : "/opt/homebrew/Caskroom/codeql/2.20.4/codeql/xml"
                            }
                          ],
                          "properties" : [
                            {
                              "extractor_root" : "/opt/homebrew/Caskroom/codeql/2.20.4/codeql/properties"
                            }
                          ],
                          "cpp" : [
                            {
                              "extractor_root" : "/opt/homebrew/Caskroom/codeql/2.20.4/codeql/cpp",
                              "extractor_options" : {
                                "scale_timeouts" : {
                                  "title" : "Value to scale compiler introspection timeouts with",
                                  "description" : "The extractor attempts to determine what compiler the source code being extracted is compiled with. To this end the extractor makes additional calls to the compiler, some of which are expected to return within a certain fixed time (either 10s or 15s). On some systems that are under high load this time might be too short, and can be scaled up using this option.\n",
                                  "type" : "string",
                                  "pattern" : "[0-9]+"
                                },
                                "log_verbosity" : {
                                  "title" : "Verbosity of the extractor logging",
                                  "description" : "Set the verbosity of the extractor logging to 'quiet' (0), 'normal' (1), 'chatty' (2), or 'noisy' (3). The default is 'normal'.\n",
                                  "type" : "string",
                                  "pattern" : "[0-3]"
                                }
                              }
                            }
                          ],
                          "swift" : [
                            {
                              "extractor_root" : "/opt/homebrew/Caskroom/codeql/2.20.4/codeql/swift"
                            }
                          ],
                          "csv" : [
                            {
                              "extractor_root" : "/opt/homebrew/Caskroom/codeql/2.20.4/codeql/csv"
                            }
                          ],
                          "actions" : [
                            {
                              "extractor_root" : "/opt/homebrew/Caskroom/codeql/2.20.4/codeql/actions",
                              "extractor_options" : { }
                            }
                          ],
                          "yaml" : [
                            {
                              "extractor_root" : "/opt/homebrew/Caskroom/codeql/2.20.4/codeql/yaml"
                            }
                          ],
                          "csharp" : [
                            {
                              "extractor_root" : "/opt/homebrew/Caskroom/codeql/2.20.4/codeql/csharp",
                              "extractor_options" : {
                                "trap" : {
                                  "title" : "Options pertaining to TRAP.",
                                  "description" : "Options pertaining to TRAP.",
                                  "type" : "object",
                                  "properties" : {
                                    "compression" : {
                                      "title" : "Controls compression for the TRAP files written by the extractor.",
                                      "description" : "This option is only intended for use in debugging the extractor. Accepted values are 'brotli' (the default, to write brotli-compressed TRAP), 'gzip', and 'none' (to write uncompressed TRAP).\n",
                                      "type" : "string",
                                      "pattern" : "^(none|gzip|brotli)$"
                                    }
                                  }
                                },
                                "buildless" : {
                                  "title" : "DEPRECATED - Whether to use buildless (standalone) extraction.",
                                  "description" : "DEPRECATED: Use `--build-mode none` instead.\nA value indicating, which type of extraction the autobuilder should perform. If 'true', then the standalone extractor will be used, otherwise tracing extraction will be performed. The default is 'false'. Note that buildless extraction will generally yield less accurate analysis results, and should only be used in cases where it is not possible to build the code (for example if it uses inaccessible dependencies).\n",
                                  "type" : "string",
                                  "pattern" : "^(false|true)$"
                                },
                                "logging" : {
                                  "title" : "Options pertaining to logging.",
                                  "description" : "Options pertaining to logging.",
                                  "type" : "object",
                                  "properties" : {
                                    "verbosity" : {
                                      "title" : "Extractor logging verbosity level.",
                                      "description" : "Controls the level of verbosity of the extractor. The supported levels are (in order of increasing verbosity):\n  - off\n  - errors\n  - warnings\n  - info or progress\n  - debug or progress+\n  - trace or progress++\n  - progress+++\n",
                                      "type" : "string",
                                      "pattern" : "^(off|errors|warnings|(info|progress)|(debug|progress\\+)|(trace|progress\\+\\+)|progress\\+\\+\\+)$"
                                    }
                                  }
                                },
                                "binlog" : {
                                  "title" : "Binlog",
                                  "description" : "[EXPERIMENTAL] The value is a path to the MsBuild binary log file that should be extracted. This option only works when `--build-mode none` is also specified.\n",
                                  "type" : "array"
                                }
                              }
                            }
                          ],
                          "javascript" : [
                            {
                              "extractor_root" : "/opt/homebrew/Caskroom/codeql/2.20.4/codeql/javascript",
                              "extractor_options" : {
                                "skip_types" : {
                                  "title" : "Skip type extraction for TypeScript",
                                  "description" : "Whether to skip the extraction of types in a TypeScript application",
                                  "type" : "string",
                                  "pattern" : "^(false|true)$"
                                }
                              }
                            }
                          ],
                          "ruby" : [
                            {
                              "extractor_root" : "/opt/homebrew/Caskroom/codeql/2.20.4/codeql/ruby",
                              "extractor_options" : {
                                "trap" : {
                                  "title" : "Options pertaining to TRAP.",
                                  "description" : "Options pertaining to TRAP.",
                                  "type" : "object",
                                  "properties" : {
                                    "compression" : {
                                      "title" : "Controls compression for the TRAP files written by the extractor.",
                                      "description" : "This option is only intended for use in debugging the extractor. Accepted values are 'gzip' (the default, to write gzip-compressed TRAP) and 'none' (to write uncompressed TRAP).\n",
                                      "type" : "string",
                                      "pattern" : "^(none|gzip)$"
                                    }
                                  }
                                }
                              }
                            }
                          ]
                        }
                      }
[2025-02-16 18:28:46] [PROGRESS] database init> Calculating baseline information in /Users/sindhu/Projects/AI-Bug-Fixer/backend
[2025-02-16 18:28:46] [SPAMMY] database init> Ignoring the following directories when processing baseline information: .git, .hg, .svn.
[2025-02-16 18:28:46] [DETAILS] database init> Running command in /Users/sindhu/Projects/AI-Bug-Fixer/backend: /opt/homebrew/Caskroom/codeql/2.20.4/codeql/tools/osx64/scc --by-file --exclude-dir .git,.hg,.svn --format json --no-large --no-min .
[2025-02-16 18:28:47] [SPAMMY] database init> Found 730 baseline files for python.
[2025-02-16 18:28:47] [PROGRESS] database init> Calculated baseline information for languages: python (843ms).
[2025-02-16 18:28:47] [PROGRESS] database init> Resolving extractor python.
[2025-02-16 18:28:47] [DETAILS] database init> Found candidate extractor root for python: /opt/homebrew/Caskroom/codeql/2.20.4/codeql/python.
[2025-02-16 18:28:47] [PROGRESS] database init> Successfully loaded extractor Python (python) from /opt/homebrew/Caskroom/codeql/2.20.4/codeql/python.
[2025-02-16 18:28:47] [SPAMMY] database init> Determining macOS System Integrity Protection status...
[2025-02-16 18:28:47] [SPAMMY] database init> Running command [/usr/bin/csrutil, status].
[2025-02-16 18:28:47] [SPAMMY] database init> SIP is enabled.
[2025-02-16 18:28:47] [PROGRESS] database init> Created skeleton CodeQL database at /Users/sindhu/Projects/AI-Bug-Fixer/backend/my_db. This in-progress database is ready to be populated by an extractor.
[2025-02-16 18:28:47] Plumbing command codeql database init completed.
[2025-02-16 18:28:47] [PROGRESS] database create> Running build command: []
[2025-02-16 18:28:47] Running plumbing command: codeql database trace-command --working-dir=/Users/sindhu/Projects/AI-Bug-Fixer/backend --index-traceless-dbs --no-db-cluster -- /Users/sindhu/Projects/AI-Bug-Fixer/backend/my_db
[2025-02-16 18:28:47] Using autobuild script /opt/homebrew/Caskroom/codeql/2.20.4/codeql/python/tools/autobuild.sh.
[2025-02-16 18:28:47] [PROGRESS] database trace-command> Running command in /Users/sindhu/Projects/AI-Bug-Fixer/backend: [/opt/homebrew/Caskroom/codeql/2.20.4/codeql/python/tools/autobuild.sh]
[2025-02-16 18:28:47] [build-stderr] /bin/sh: python2: command not found
[2025-02-16 18:28:47] [build-stdout] No directories containing root identifiers were found. Returning working directory as root.
[2025-02-16 18:28:47] [build-stdout] Will try to guess Python version, as it was not specified in `lgtm.yml`
[2025-02-16 18:28:47] [build-stdout] Trying to guess Python version based on Trove classifiers in setup.py
[2025-02-16 18:28:47] [build-stdout] Did not find setup.py (expected it to be at /Users/sindhu/Projects/AI-Bug-Fixer/backend/setup.py)
[2025-02-16 18:28:47] [build-stdout] Trying to guess Python version based on travis file
[2025-02-16 18:28:47] [build-stdout] Did not find any travis files (expected them at either ['/Users/sindhu/Projects/AI-Bug-Fixer/backend/.travis.yml', '/Users/sindhu/Projects/AI-Bug-Fixer/backend/travis.yml'])
[2025-02-16 18:28:47] [build-stdout] Trying to guess Python version based on installed versions
[2025-02-16 18:28:47] [build-stdout] Wanted to run Python 2, but it is not available. Using Python 3 instead
[2025-02-16 18:28:47] [build-stdout] This script is running Python 3, but Python 2 is also available (as 'python3')
[2025-02-16 18:28:47] [build-stdout] Could not guess Python version, will use default: Python 3
[2025-02-16 18:28:47] [build-stdout] Excluding the following directories from extraction, since they look like virtual environments: ['/Users/sindhu/Projects/AI-Bug-Fixer/backend/env']
[2025-02-16 18:28:47] [build-stdout] You can disable this behavior by setting the environment variable CODEQL_EXTRACTOR_PYTHON_DISABLE_AUTOMATIC_VENV_EXCLUDE=1
[2025-02-16 18:28:47] [build-stdout] Calling python3 -S /opt/homebrew/Caskroom/codeql/2.20.4/codeql/python/tools/python_tracer.py --verbosity 3 -z all -c /Users/sindhu/Projects/AI-Bug-Fixer/backend/my_db/working/trap_cache -R /Users/sindhu/Projects/AI-Bug-Fixer/backend -Y /Users/sindhu/Projects/AI-Bug-Fixer/backend/env
[2025-02-16 18:28:48] [build-stdout] INFO: The Python extractor has recently stopped extracting the standard library by default. If you encounter problems, please let us know by submitting an issue to https://github.com/github/codeql. It is possible to re-enable extraction of the standard library by setting the environment variable CODEQL_EXTRACTOR_PYTHON_EXTRACT_STDLIB.
[2025-02-16 18:28:48] [build-stdout] [INFO] Extraction will use the Python 3 standard library.
[2025-02-16 18:28:48] [build-stdout] [INFO] sys_path is: ['/opt/homebrew/Caskroom/codeql/2.20.4/codeql/python/tools', '/Library/Developer/CommandLineTools/Library/Frameworks/Python3.framework/Versions/3.9/lib/python39.zip', '/Library/Developer/CommandLineTools/Library/Frameworks/Python3.framework/Versions/3.9/lib/python3.9', '/Library/Developer/CommandLineTools/Library/Frameworks/Python3.framework/Versions/3.9/lib/python3.9/lib-dynload']
[2025-02-16 18:28:48] [build-stdout] [INFO] Python version 3.9.6
[2025-02-16 18:28:48] [build-stdout] [INFO] Python extractor version 7.1.2
[2025-02-16 18:28:48] [build-stdout] [INFO] [5] Extracted file /Users/sindhu/Projects/AI-Bug-Fixer/backend/main.py in 72ms
[2025-02-16 18:28:48] [build-stdout] [INFO] [3] Skipped built-in file /Library/Developer/CommandLineTools/Library/Frameworks/Python3.framework/Versions/3.9/lib/python3.9/ast.py
[2025-02-16 18:28:48] [build-stdout] [INFO] [1] Skipped built-in file /Library/Developer/CommandLineTools/Library/Frameworks/Python3.framework/Versions/3.9/lib/python3.9/json/__init__.py
[2025-02-16 18:28:48] [build-stdout] [INFO] [2] Skipped built-in file /Library/Developer/CommandLineTools/Library/Frameworks/Python3.framework/Versions/3.9/lib/python3.9/subprocess.py
[2025-02-16 18:28:48] [build-stdout] [INFO] [4] Extracted folder /Library/Developer/CommandLineTools/Library/Frameworks/Python3.framework/Versions/3.9/lib/python3.9/json in 1ms
[2025-02-16 18:28:48] [build-stdout] [INFO] Processed 5 modules in 0.52s
[2025-02-16 18:28:48] Plumbing command codeql database trace-command completed.
[2025-02-16 18:28:48] [PROGRESS] database create> Finalizing database at /Users/sindhu/Projects/AI-Bug-Fixer/backend/my_db.
[2025-02-16 18:28:48] Running plumbing command: codeql database finalize --no-db-cluster -- /Users/sindhu/Projects/AI-Bug-Fixer/backend/my_db
[2025-02-16 18:28:48] Using pre-finalize script /opt/homebrew/Caskroom/codeql/2.20.4/codeql/python/tools/pre-finalize.sh.
[2025-02-16 18:28:48] [PROGRESS] database finalize> Running pre-finalize script /opt/homebrew/Caskroom/codeql/2.20.4/codeql/python/tools/pre-finalize.sh in /Users/sindhu/Projects/AI-Bug-Fixer/backend.
[2025-02-16 18:28:48] Running plumbing command: codeql database trace-command --working-dir=/Users/sindhu/Projects/AI-Bug-Fixer/backend --no-tracing -- /Users/sindhu/Projects/AI-Bug-Fixer/backend/my_db /opt/homebrew/Caskroom/codeql/2.20.4/codeql/python/tools/pre-finalize.sh
[2025-02-16 18:28:48] [PROGRESS] database trace-command> Running command in /Users/sindhu/Projects/AI-Bug-Fixer/backend: [/opt/homebrew/Caskroom/codeql/2.20.4/codeql/python/tools/pre-finalize.sh]
[2025-02-16 18:28:49] [build-stderr] Scanning for files in /Users/sindhu/Projects/AI-Bug-Fixer/backend...
[2025-02-16 18:28:49] [build-stderr] /Users/sindhu/Projects/AI-Bug-Fixer/backend/my_db: Indexing files in in /Users/sindhu/Projects/AI-Bug-Fixer/backend...
[2025-02-16 18:28:49] [build-stderr] Running command in /Users/sindhu/Projects/AI-Bug-Fixer/backend: [/opt/homebrew/Caskroom/codeql/2.20.4/codeql/yaml/tools/index-files.sh, /Users/sindhu/Projects/AI-Bug-Fixer/backend/my_db/working/files-to-index14238560863942832425.list]
[2025-02-16 18:28:50] Plumbing command codeql database trace-command completed.
[2025-02-16 18:28:50] [PROGRESS] database finalize> Running TRAP import for CodeQL database at /Users/sindhu/Projects/AI-Bug-Fixer/backend/my_db...
[2025-02-16 18:28:50] Running plumbing command: codeql dataset import --dbscheme=/opt/homebrew/Caskroom/codeql/2.20.4/codeql/python/semmlecode.python.dbscheme -- /Users/sindhu/Projects/AI-Bug-Fixer/backend/my_db/db-python /Users/sindhu/Projects/AI-Bug-Fixer/backend/my_db/trap/python
[2025-02-16 18:28:50] Clearing disk cache since the version file /Users/sindhu/Projects/AI-Bug-Fixer/backend/my_db/db-python/default/cache/version does not exist
[2025-02-16 18:28:50] Tuple pool not found. Clearing relations with cached strings
[2025-02-16 18:28:50] Trimming disk cache at /Users/sindhu/Projects/AI-Bug-Fixer/backend/my_db/db-python/default/cache in mode clear.
[2025-02-16 18:28:50] Sequence stamp origin is -6081885301815555758
[2025-02-16 18:28:50] Pausing evaluation to hard-clear memory at sequence stamp o+0
[2025-02-16 18:28:50] Unpausing evaluation
[2025-02-16 18:28:50] Pausing evaluation to quickly trim disk at sequence stamp o+1
[2025-02-16 18:28:50] Unpausing evaluation
[2025-02-16 18:28:50] Pausing evaluation to zealously trim disk at sequence stamp o+2
[2025-02-16 18:28:50] Unpausing evaluation
[2025-02-16 18:28:50] Trimming completed (5ms): Purged everything.
[2025-02-16 18:28:50] Scanning for files in /Users/sindhu/Projects/AI-Bug-Fixer/backend/my_db/trap/python
[2025-02-16 18:28:50] Found 8 TRAP files (457.05 KiB)
[2025-02-16 18:28:50] [PROGRESS] dataset import> Importing TRAP files
[2025-02-16 18:28:50] Importing $files.XlkmL8v1Ext01bM-f1Y4SU4vXVc=.trap.gz (1 of 8)
[2025-02-16 18:28:50] Importing $flags.ThTvHuh05l5yYvfmd2hu4Mzei20=.trap.gz (2 of 8)
[2025-02-16 18:28:50] Importing $interpreter3.tRpyLS7BpuPYyt1RG9UKFhw8Llc=.trap.gz (3 of 8)
[2025-02-16 18:28:50] Importing $stdlib_33.IsfV5cToI5fsgZ0nju9KwvdBPj0=.trap (4 of 8)
[2025-02-16 18:28:50] Importing codeql-database.yml.trap.gz (5 of 8)
[2025-02-16 18:28:50] Importing json.a-rOX8x8pnnHQ81YpbOxEJptaGI=.trap.gz (6 of 8)
[2025-02-16 18:28:50] Importing main.py.XOx1Qxf_TtrLB0afr8f2FCMmbUg=.trap.gz (7 of 8)
[2025-02-16 18:28:50] Importing metadata.trap.gz (8 of 8)
[2025-02-16 18:28:50] [PROGRESS] dataset import> Merging relations
[2025-02-16 18:28:50] Merging 1 fragment for 'files'.
[2025-02-16 18:28:50] Merged 32 bytes for 'files'.
[2025-02-16 18:28:50] Merging 1 fragment for 'folders'.
[2025-02-16 18:28:50] Merged 65 bytes for 'folders'.
[2025-02-16 18:28:50] Merging 1 fragment for 'containerparent'.
[2025-02-16 18:28:50] Merged 71 bytes for 'containerparent'.
[2025-02-16 18:28:50] Merging 1 fragment for 'py_flags_versioned'.
[2025-02-16 18:28:50] Merged 169 bytes for 'py_flags_versioned'.
[2025-02-16 18:28:50] Merging 1 fragment for 'py_cobjects'.
[2025-02-16 18:28:50] Merged 4294 bytes (4.19 KiB) for 'py_cobjects'.
[2025-02-16 18:28:50] Merging 1 fragment for 'py_cobjecttypes'.
[2025-02-16 18:28:50] Merged 4239 bytes (4.14 KiB) for 'py_cobjecttypes'.
[2025-02-16 18:28:50] Merging 1 fragment for 'py_cobject_sources'.
[2025-02-16 18:28:50] Merged 6458 bytes (6.31 KiB) for 'py_cobject_sources'.
[2025-02-16 18:28:50] Merging 1 fragment for 'py_cobjectnames'.
[2025-02-16 18:28:50] Merged 5272 bytes (5.15 KiB) for 'py_cobjectnames'.
[2025-02-16 18:28:50] Merging 1 fragment for 'py_cmembers_versioned'.
[2025-02-16 18:28:50] Merged 6128 bytes (5.98 KiB) for 'py_cmembers_versioned'.
[2025-02-16 18:28:50] Merging 1 fragment for 'py_special_objects'.
[2025-02-16 18:28:50] Merged 134 bytes for 'py_special_objects'.
[2025-02-16 18:28:50] Merging 1 fragment for 'py_citems'.
[2025-02-16 18:28:50] Merged 289 bytes for 'py_citems'.
[2025-02-16 18:28:50] Merging 1 fragment for 'ext_rettype'.
[2025-02-16 18:28:50] Merged 4022 bytes (3.93 KiB) for 'ext_rettype'.
[2025-02-16 18:28:50] Merging 1 fragment for 'ext_argtype'.
[2025-02-16 18:28:50] Merged 6820 bytes (6.66 KiB) for 'ext_argtype'.
[2025-02-16 18:28:50] Merging 1 fragment for 'ext_argreturn'.
[2025-02-16 18:28:50] Merged 41 bytes for 'ext_argreturn'.
[2025-02-16 18:28:50] Merging 1 fragment for 'ext_proptype'.
[2025-02-16 18:28:50] Merged 342 bytes for 'ext_proptype'.
[2025-02-16 18:28:50] Merging 1 fragment for 'yaml_scalars'.
[2025-02-16 18:28:50] Merged 140 bytes for 'yaml_scalars'.
[2025-02-16 18:28:50] Merging 1 fragment for 'yaml'.
[2025-02-16 18:28:50] Merged 500 bytes for 'yaml'.
[2025-02-16 18:28:50] Merging 1 fragment for 'locations_default'.
[2025-02-16 18:28:50] Merged 438 bytes for 'locations_default'.
[2025-02-16 18:28:50] Merging 1 fragment for 'yaml_locations'.
[2025-02-16 18:28:50] Merged 164 bytes for 'yaml_locations'.
[2025-02-16 18:28:50] Merging 1 fragment for 'py_Modules'.
[2025-02-16 18:28:50] Merged 19 bytes for 'py_Modules'.
[2025-02-16 18:28:50] Merging 1 fragment for 'py_module_path'.
[2025-02-16 18:28:50] Merged 31 bytes for 'py_module_path'.
[2025-02-16 18:28:50] Merging 1 fragment for 'py_flow_bb_node'.
[2025-02-16 18:28:50] Merged 853 bytes for 'py_flow_bb_node'.
[2025-02-16 18:28:50] Merging 1 fragment for 'py_scope_flow'.
[2025-02-16 18:28:50] Merged 151 bytes for 'py_scope_flow'.
[2025-02-16 18:28:50] Merging 1 fragment for 'locations_ast'.
[2025-02-16 18:28:50] Merged 1290 bytes (1.26 KiB) for 'locations_ast'.
[2025-02-16 18:28:50] Merging 1 fragment for 'variable'.
[2025-02-16 18:28:50] Merged 201 bytes for 'variable'.
[2025-02-16 18:28:50] Merging 1 fragment for 'py_extracted_version'.
[2025-02-16 18:28:50] Merged 27 bytes for 'py_extracted_version'.
[2025-02-16 18:28:50] Merging 1 fragment for 'py_stmt_lists'.
[2025-02-16 18:28:50] Merged 93 bytes for 'py_stmt_lists'.
[2025-02-16 18:28:50] Merging 1 fragment for 'py_stmts'.
[2025-02-16 18:28:50] Merged 213 bytes for 'py_stmts'.
[2025-02-16 18:28:50] Merging 1 fragment for 'py_scopes'.
[2025-02-16 18:28:50] Merged 325 bytes for 'py_scopes'.
[2025-02-16 18:28:50] Merging 1 fragment for 'py_alias_lists'.
[2025-02-16 18:28:50] Merged 41 bytes for 'py_alias_lists'.
[2025-02-16 18:28:50] Merging 1 fragment for 'py_aliases'.
[2025-02-16 18:28:50] Merged 58 bytes for 'py_aliases'.
[2025-02-16 18:28:50] Merging 1 fragment for 'py_exprs'.
[2025-02-16 18:28:50] Merged 886 bytes for 'py_exprs'.
[2025-02-16 18:28:50] Merging 1 fragment for 'py_ints'.
[2025-02-16 18:28:50] Merged 35 bytes for 'py_ints'.
[2025-02-16 18:28:50] Merging 1 fragment for 'py_strs'.
[2025-02-16 18:28:50] Merged 303 bytes for 'py_strs'.
[2025-02-16 18:28:50] Merging 1 fragment for 'py_variables'.
[2025-02-16 18:28:50] Merged 218 bytes for 'py_variables'.
[2025-02-16 18:28:50] Merging 1 fragment for 'py_expr_contexts'.
[2025-02-16 18:28:50] Merged 348 bytes for 'py_expr_contexts'.
[2025-02-16 18:28:50] Merging 1 fragment for 'py_bools'.
[2025-02-16 18:28:50] Merged 34 bytes for 'py_bools'.
[2025-02-16 18:28:50] Merging 1 fragment for 'py_expr_lists'.
[2025-02-16 18:28:50] Merged 175 bytes for 'py_expr_lists'.
[2025-02-16 18:28:50] Merging 1 fragment for 'py_Classes'.
[2025-02-16 18:28:50] Merged 33 bytes for 'py_Classes'.
[2025-02-16 18:28:50] Merging 1 fragment for 'py_arguments'.
[2025-02-16 18:28:50] Merged 44 bytes for 'py_arguments'.
[2025-02-16 18:28:50] Merging 1 fragment for 'py_Functions'.
[2025-02-16 18:28:50] Merged 44 bytes for 'py_Functions'.
[2025-02-16 18:28:50] Merging 1 fragment for 'py_parameter_lists'.
[2025-02-16 18:28:50] Merged 40 bytes for 'py_parameter_lists'.
[2025-02-16 18:28:50] Merging 1 fragment for 'py_dict_item_lists'.
[2025-02-16 18:28:50] Merged 50 bytes for 'py_dict_item_lists'.
[2025-02-16 18:28:50] Merging 1 fragment for 'py_dict_items'.
[2025-02-16 18:28:50] Merged 113 bytes for 'py_dict_items'.
[2025-02-16 18:28:50] Merging 1 fragment for 'py_boolops'.
[2025-02-16 18:28:50] Merged 43 bytes for 'py_boolops'.
[2025-02-16 18:28:50] Merging 1 fragment for 'py_unaryops'.
[2025-02-16 18:28:50] Merged 42 bytes for 'py_unaryops'.
[2025-02-16 18:28:50] Merging 1 fragment for 'py_numbers'.
[2025-02-16 18:28:50] Merged 48 bytes for 'py_numbers'.
[2025-02-16 18:28:50] Merging 1 fragment for 'py_exports'.
[2025-02-16 18:28:50] Merged 35 bytes for 'py_exports'.
[2025-02-16 18:28:50] Merging 1 fragment for 'py_successors'.
[2025-02-16 18:28:50] Merged 521 bytes for 'py_successors'.
[2025-02-16 18:28:50] Merging 1 fragment for 'py_idoms'.
[2025-02-16 18:28:50] Merged 491 bytes for 'py_idoms'.
[2025-02-16 18:28:50] Merging 1 fragment for 'py_ssa_var'.
[2025-02-16 18:28:50] Merged 96 bytes for 'py_ssa_var'.
[2025-02-16 18:28:50] Merging 1 fragment for 'py_ssa_defn'.
[2025-02-16 18:28:50] Merged 89 bytes for 'py_ssa_defn'.
[2025-02-16 18:28:50] Merging 1 fragment for 'py_ssa_use'.
[2025-02-16 18:28:50] Merged 116 bytes for 'py_ssa_use'.
[2025-02-16 18:28:50] Merging 1 fragment for 'py_exception_successors'.
[2025-02-16 18:28:50] Merged 37 bytes for 'py_exception_successors'.
[2025-02-16 18:28:50] Merging 1 fragment for 'py_true_successors'.
[2025-02-16 18:28:50] Merged 39 bytes for 'py_true_successors'.
[2025-02-16 18:28:50] Merging 1 fragment for 'py_false_successors'.
[2025-02-16 18:28:50] Merged 40 bytes for 'py_false_successors'.
[2025-02-16 18:28:50] Merging 1 fragment for 'py_scope_location'.
[2025-02-16 18:28:50] Merged 47 bytes for 'py_scope_location'.
[2025-02-16 18:28:50] Merging 1 fragment for 'py_comments'.
[2025-02-16 18:28:50] Merged 70 bytes for 'py_comments'.
[2025-02-16 18:28:50] Merging 1 fragment for 'py_codelines'.
[2025-02-16 18:28:50] Merged 45 bytes for 'py_codelines'.
[2025-02-16 18:28:50] Merging 1 fragment for 'py_commentlines'.
[2025-02-16 18:28:50] Merged 46 bytes for 'py_commentlines'.
[2025-02-16 18:28:50] Merging 1 fragment for 'py_docstringlines'.
[2025-02-16 18:28:50] Merged 41 bytes for 'py_docstringlines'.
[2025-02-16 18:28:50] Merging 1 fragment for 'py_alllines'.
[2025-02-16 18:28:50] Merged 45 bytes for 'py_alllines'.
[2025-02-16 18:28:50] Merging 1 fragment for 'numlines'.
[2025-02-16 18:28:50] Merged 46 bytes for 'numlines'.
[2025-02-16 18:28:50] Merging 1 fragment for 'py_locations'.
[2025-02-16 18:28:50] Merged 533 bytes for 'py_locations'.
[2025-02-16 18:28:50] Merging 1 fragment for 'sourceLocationPrefix'.
[2025-02-16 18:28:50] Merged 17 bytes for 'sourceLocationPrefix'.
[2025-02-16 18:28:50] Saving string and id pools to disk.
[2025-02-16 18:28:51] Finished importing TRAP files.
[2025-02-16 18:28:51] Read 989.66 KiB of uncompressed TRAP data.
[2025-02-16 18:28:51] Uncompressed relation data size: 200.35 KiB
[2025-02-16 18:28:51] Relation data size: 46.61 KiB (merge rate: 795.57 KiB/s)
[2025-02-16 18:28:51] String pool size: 2.06 MiB
[2025-02-16 18:28:51] ID pool size: 1.09 MiB
[2025-02-16 18:28:51] [PROGRESS] dataset import> Finished writing database (relations: 46.61 KiB; string pool: 2.06 MiB).
[2025-02-16 18:28:51] Pausing evaluation to close the cache at sequence stamp o+133
[2025-02-16 18:28:51] The disk cache is freshly trimmed; leave it be.
[2025-02-16 18:28:51] Unpausing evaluation
[2025-02-16 18:28:51] Plumbing command codeql dataset import completed.
[2025-02-16 18:28:51] [PROGRESS] database finalize> TRAP import complete (689ms).
[2025-02-16 18:28:51] Running plumbing command: codeql database cleanup -- /Users/sindhu/Projects/AI-Bug-Fixer/backend/my_db
[2025-02-16 18:28:51] [PROGRESS] database cleanup> Cleaning up existing TRAP files after import...
[2025-02-16 18:28:51] [PROGRESS] database cleanup> TRAP files cleaned up (3ms).
[2025-02-16 18:28:51] [PROGRESS] database cleanup> Cleaning up scratch directory...
[2025-02-16 18:28:51] [PROGRESS] database cleanup> Scratch directory cleaned up (1ms).
[2025-02-16 18:28:51] Running plumbing command: codeql dataset cleanup -- /Users/sindhu/Projects/AI-Bug-Fixer/backend/my_db/db-python
[2025-02-16 18:28:51] [PROGRESS] dataset cleanup> Cleaning up dataset in /Users/sindhu/Projects/AI-Bug-Fixer/backend/my_db/db-python.
[2025-02-16 18:28:51] Trimming disk cache at /Users/sindhu/Projects/AI-Bug-Fixer/backend/my_db/db-python/default/cache in mode trim.
[2025-02-16 18:28:51] Sequence stamp origin is -6081885299575687363
[2025-02-16 18:28:51] Pausing evaluation to quickly trim memory at sequence stamp o+0
[2025-02-16 18:28:51] Unpausing evaluation
[2025-02-16 18:28:51] Pausing evaluation to zealously trim disk at sequence stamp o+1
[2025-02-16 18:28:51] Unpausing evaluation
[2025-02-16 18:28:51] Trimming completed (2ms): Trimmed disposable data from cache.
[2025-02-16 18:28:51] Pausing evaluation to close the cache at sequence stamp o+2
[2025-02-16 18:28:51] The disk cache is freshly trimmed; leave it be.
[2025-02-16 18:28:51] Unpausing evaluation
[2025-02-16 18:28:51] [PROGRESS] dataset cleanup> Trimmed disposable data from cache.
[2025-02-16 18:28:51] [PROGRESS] dataset cleanup> Finalizing dataset in /Users/sindhu/Projects/AI-Bug-Fixer/backend/my_db/db-python
[2025-02-16 18:28:51] [DETAILS] dataset cleanup> Finished deleting ID pool from /Users/sindhu/Projects/AI-Bug-Fixer/backend/my_db/db-python (1ms).
[2025-02-16 18:28:51] Plumbing command codeql dataset cleanup completed.
[2025-02-16 18:28:51] Plumbing command codeql database cleanup completed with status 0.
[2025-02-16 18:28:51] [PROGRESS] database finalize> Finished zipping source archive (1.75 KiB).
[2025-02-16 18:28:51] Plumbing command codeql database finalize completed.
[2025-02-16 18:28:51] [PROGRESS] database create> Successfully created database at /Users/sindhu/Projects/AI-Bug-Fixer/backend/my_db.
[2025-02-16 18:28:51] Terminating normally.
