[2025-02-16 18:28:49] This is codeql database index-files --include-extension=.yaml --include-extension=.yml --size-limit=5m --language yaml -- /Users/sindhu/Projects/AI-Bug-Fixer/backend/my_db
[2025-02-16 18:28:49] Log file was started late.
[2025-02-16 18:28:49] Using index-files script /opt/homebrew/Caskroom/codeql/2.20.4/codeql/yaml/tools/index-files.sh.
[2025-02-16 18:28:49] [PROGRESS] database index-files> Scanning for files in /Users/sindhu/Projects/AI-Bug-Fixer/backend...
[2025-02-16 18:28:49] Calling plumbing command: codeql resolve files --include-extension=.yaml --include-extension=.yml --size-limit=5m /Users/sindhu/Projects/AI-Bug-Fixer/backend --format=json
[2025-02-16 18:28:49] [PROGRESS] resolve files> Scanning /Users/sindhu/Projects/AI-Bug-Fixer/backend...
[2025-02-16 18:28:49] [PROGRESS] resolve files> Scanning /Users/sindhu/Projects/AI-Bug-Fixer/backend/my_db...
[2025-02-16 18:28:49] [PROGRESS] resolve files> Scanning /Users/sindhu/Projects/AI-Bug-Fixer/backend/my_db/diagnostic...
[2025-02-16 18:28:49] [PROGRESS] resolve files> Scanning /Users/sindhu/Projects/AI-Bug-Fixer/backend/my_db/diagnostic/tracer...
[2025-02-16 18:28:49] [PROGRESS] resolve files> Scanning /Users/sindhu/Projects/AI-Bug-Fixer/backend/my_db/diagnostic/extractors...
[2025-02-16 18:28:49] [PROGRESS] resolve files> Scanning /Users/sindhu/Projects/AI-Bug-Fixer/backend/my_db/diagnostic/extractors/python...
[2025-02-16 18:28:49] [PROGRESS] resolve files> Scanning /Users/sindhu/Projects/AI-Bug-Fixer/backend/my_db/working...
[2025-02-16 18:28:49] [PROGRESS] resolve files> Scanning /Users/sindhu/Projects/AI-Bug-Fixer/backend/my_db/working/trap_cache...
[2025-02-16 18:28:49] [PROGRESS] resolve files> Scanning /Users/sindhu/Projects/AI-Bug-Fixer/backend/my_db/working/trap_cache/1...
[2025-02-16 18:28:49] [PROGRESS] resolve files> Scanning /Users/sindhu/Projects/AI-Bug-Fixer/backend/my_db/trap...
[2025-02-16 18:28:49] [PROGRESS] resolve files> Scanning /Users/sindhu/Projects/AI-Bug-Fixer/backend/my_db/trap/python...
[2025-02-16 18:28:49] [PROGRESS] resolve files> Scanning /Users/sindhu/Projects/AI-Bug-Fixer/backend/my_db/log...
[2025-02-16 18:28:49] [PROGRESS] resolve files> Scanning /Users/sindhu/Projects/AI-Bug-Fixer/backend/my_db/src...
[2025-02-16 18:28:49] [PROGRESS] resolve files> Scanning /Users/sindhu/Projects/AI-Bug-Fixer/backend/my_db/src/Users...
[2025-02-16 18:28:49] [PROGRESS] resolve files> Scanning /Users/sindhu/Projects/AI-Bug-Fixer/backend/my_db/src/Users/sindhu...
[2025-02-16 18:28:49] [PROGRESS] resolve files> Scanning /Users/sindhu/Projects/AI-Bug-Fixer/backend/my_db/src/Users/sindhu/Projects...
[2025-02-16 18:28:49] [PROGRESS] resolve files> Scanning /Users/sindhu/Projects/AI-Bug-Fixer/backend/my_db/src/Users/sindhu/Projects/AI-Bug-Fixer...
[2025-02-16 18:28:49] [PROGRESS] resolve files> Scanning /Users/sindhu/Projects/AI-Bug-Fixer/backend/my_db/src/Users/sindhu/Projects/AI-Bug-Fixer/backend...
[2025-02-16 18:28:49] [PROGRESS] resolve files> Scanning /Users/sindhu/Projects/AI-Bug-Fixer/backend/__pycache__...
[2025-02-16 18:28:49] [PROGRESS] resolve files> Scanning /Users/sindhu/Projects/AI-Bug-Fixer/backend/env...
[2025-02-16 18:28:49] [PROGRESS] resolve files> Scanning /Users/sindhu/Projects/AI-Bug-Fixer/backend/env/bin...
[2025-02-16 18:28:49] [PROGRESS] resolve files> Scanning /Users/sindhu/Projects/AI-Bug-Fixer/backend/env/include...
[2025-02-16 18:28:49] [PROGRESS] resolve files> Scanning /Users/sindhu/Projects/AI-Bug-Fixer/backend/env/include/python3.12...
[2025-02-16 18:28:49] [PROGRESS] resolve files> Scanning /Users/sindhu/Projects/AI-Bug-Fixer/backend/env/lib...
[2025-02-16 18:28:49] [PROGRESS] resolve files> Scanning /Users/sindhu/Projects/AI-Bug-Fixer/backend/env/lib/python3.12...
[2025-02-16 18:28:49] [PROGRESS] resolve files> Scanning /Users/sindhu/Projects/AI-Bug-Fixer/backend/env/lib/python3.12/site-packages...
[2025-02-16 18:28:49] [PROGRESS] resolve files> Scanning /Users/sindhu/Projects/AI-Bug-Fixer/backend/env/lib/python3.12/site-packages/idna-3.10.dist-info...
[2025-02-16 18:28:49] [PROGRESS] resolve files> Scanning /Users/sindhu/Projects/AI-Bug-Fixer/backend/env/lib/python3.12/site-packages/h11...
[2025-02-16 18:28:49] [PROGRESS] resolve files> Scanning /Users/sindhu/Projects/AI-Bug-Fixer/backend/env/lib/python3.12/site-packages/h11/tests...
[2025-02-16 18:28:49] [PROGRESS] resolve files> Scanning /Users/sindhu/Projects/AI-Bug-Fixer/backend/env/lib/python3.12/site-packages/h11/tests/__pycache__...
[2025-02-16 18:28:49] [PROGRESS] resolve files> Scanning /Users/sindhu/Projects/AI-Bug-Fixer/backend/env/lib/python3.12/site-packages/h11/tests/data...
[2025-02-16 18:28:49] [PROGRESS] resolve files> Scanning /Users/sindhu/Projects/AI-Bug-Fixer/backend/env/lib/python3.12/site-packages/h11/__pycache__...
[2025-02-16 18:28:49] [PROGRESS] resolve files> Scanning /Users/sindhu/Projects/AI-Bug-Fixer/backend/env/lib/python3.12/site-packages/annotated_types...
[2025-02-16 18:28:49] [PROGRESS] resolve files> Scanning /Users/sindhu/Projects/AI-Bug-Fixer/backend/env/lib/python3.12/site-packages/annotated_types/__pycache__...
[2025-02-16 18:28:49] [PROGRESS] resolve files> Scanning /Users/sindhu/Projects/AI-Bug-Fixer/backend/env/lib/python3.12/site-packages/uvicorn-0.34.0.dist-info...
[2025-02-16 18:28:49] [PROGRESS] resolve files> Scanning /Users/sindhu/Projects/AI-Bug-Fixer/backend/env/lib/python3.12/site-packages/uvicorn-0.34.0.dist-info/licenses...
[2025-02-16 18:28:49] [PROGRESS] resolve files> Scanning /Users/sindhu/Projects/AI-Bug-Fixer/backend/env/lib/python3.12/site-packages/starlette-0.45.3.dist-info...
[2025-02-16 18:28:49] [PROGRESS] resolve files> Scanning /Users/sindhu/Projects/AI-Bug-Fixer/backend/env/lib/python3.12/site-packages/starlette-0.45.3.dist-info/licenses...
[2025-02-16 18:28:49] [PROGRESS] resolve files> Scanning /Users/sindhu/Projects/AI-Bug-Fixer/backend/env/lib/python3.12/site-packages/pydantic-2.10.6.dist-info...
[2025-02-16 18:28:49] [PROGRESS] resolve files> Scanning /Users/sindhu/Projects/AI-Bug-Fixer/backend/env/lib/python3.12/site-packages/pydantic-2.10.6.dist-info/licenses...
[2025-02-16 18:28:49] [PROGRESS] resolve files> Scanning /Users/sindhu/Projects/AI-Bug-Fixer/backend/env/lib/python3.12/site-packages/h11-0.14.0.dist-info...
[2025-02-16 18:28:49] [PROGRESS] resolve files> Scanning /Users/sindhu/Projects/AI-Bug-Fixer/backend/env/lib/python3.12/site-packages/starlette...
[2025-02-16 18:28:49] [PROGRESS] resolve files> Scanning /Users/sindhu/Projects/AI-Bug-Fixer/backend/env/lib/python3.12/site-packages/starlette/middleware...
[2025-02-16 18:28:49] [PROGRESS] resolve files> Scanning /Users/sindhu/Projects/AI-Bug-Fixer/backend/env/lib/python3.12/site-packages/starlette/middleware/__pycache__...
[2025-02-16 18:28:49] [PROGRESS] resolve files> Scanning /Users/sindhu/Projects/AI-Bug-Fixer/backend/env/lib/python3.12/site-packages/starlette/__pycache__...
[2025-02-16 18:28:49] [PROGRESS] resolve files> Scanning /Users/sindhu/Projects/AI-Bug-Fixer/backend/env/lib/python3.12/site-packages/click-8.1.8.dist-info...
[2025-02-16 18:28:49] [PROGRESS] resolve files> Scanning /Users/sindhu/Projects/AI-Bug-Fixer/backend/env/lib/python3.12/site-packages/idna...
[2025-02-16 18:28:49] [PROGRESS] resolve files> Scanning /Users/sindhu/Projects/AI-Bug-Fixer/backend/env/lib/python3.12/site-packages/idna/__pycache__...
[2025-02-16 18:28:49] [PROGRESS] resolve files> Scanning /Users/sindhu/Projects/AI-Bug-Fixer/backend/env/lib/python3.12/site-packages/click...
[2025-02-16 18:28:49] [PROGRESS] resolve files> Scanning /Users/sindhu/Projects/AI-Bug-Fixer/backend/env/lib/python3.12/site-packages/click/__pycache__...
[2025-02-16 18:28:49] [PROGRESS] resolve files> Scanning /Users/sindhu/Projects/AI-Bug-Fixer/backend/env/lib/python3.12/site-packages/__pycache__...
[2025-02-16 18:28:49] [PROGRESS] resolve files> Scanning /Users/sindhu/Projects/AI-Bug-Fixer/backend/env/lib/python3.12/site-packages/pip-25.0.1.dist-info...
[2025-02-16 18:28:49] [PROGRESS] resolve files> Scanning /Users/sindhu/Projects/AI-Bug-Fixer/backend/env/lib/python3.12/site-packages/anyio...
[2025-02-16 18:28:49] [PROGRESS] resolve files> Scanning /Users/sindhu/Projects/AI-Bug-Fixer/backend/env/lib/python3.12/site-packages/anyio/abc...
[2025-02-16 18:28:49] [PROGRESS] resolve files> Scanning /Users/sindhu/Projects/AI-Bug-Fixer/backend/env/lib/python3.12/site-packages/anyio/abc/__pycache__...
[2025-02-16 18:28:49] [PROGRESS] resolve files> Scanning /Users/sindhu/Projects/AI-Bug-Fixer/backend/env/lib/python3.12/site-packages/anyio/_backends...
[2025-02-16 18:28:49] [PROGRESS] resolve files> Scanning /Users/sindhu/Projects/AI-Bug-Fixer/backend/env/lib/python3.12/site-packages/anyio/_backends/__pycache__...
[2025-02-16 18:28:49] [PROGRESS] resolve files> Scanning /Users/sindhu/Projects/AI-Bug-Fixer/backend/env/lib/python3.12/site-packages/anyio/_core...
[2025-02-16 18:28:49] [PROGRESS] resolve files> Scanning /Users/sindhu/Projects/AI-Bug-Fixer/backend/env/lib/python3.12/site-packages/anyio/_core/__pycache__...
[2025-02-16 18:28:49] [PROGRESS] resolve files> Scanning /Users/sindhu/Projects/AI-Bug-Fixer/backend/env/lib/python3.12/site-packages/anyio/streams...
[2025-02-16 18:28:49] [PROGRESS] resolve files> Scanning /Users/sindhu/Projects/AI-Bug-Fixer/backend/env/lib/python3.12/site-packages/anyio/streams/__pycache__...
[2025-02-16 18:28:49] [PROGRESS] resolve files> Scanning /Users/sindhu/Projects/AI-Bug-Fixer/backend/env/lib/python3.12/site-packages/anyio/__pycache__...
[2025-02-16 18:28:49] [PROGRESS] resolve files> Scanning /Users/sindhu/Projects/AI-Bug-Fixer/backend/env/lib/python3.12/site-packages/pip...
[2025-02-16 18:28:49] [PROGRESS] resolve files> Scanning /Users/sindhu/Projects/AI-Bug-Fixer/backend/env/lib/python3.12/site-packages/pip/_internal...
[2025-02-16 18:28:49] [PROGRESS] resolve files> Scanning /Users/sindhu/Projects/AI-Bug-Fixer/backend/env/lib/python3.12/site-packages/pip/_internal/network...
[2025-02-16 18:28:49] [PROGRESS] resolve files> Scanning /Users/sindhu/Projects/AI-Bug-Fixer/backend/env/lib/python3.12/site-packages/pip/_internal/network/__pycache__...
[2025-02-16 18:28:49] [PROGRESS] resolve files> Scanning /Users/sindhu/Projects/AI-Bug-Fixer/backend/env/lib/python3.12/site-packages/pip/_internal/utils...
[2025-02-16 18:28:49] [PROGRESS] resolve files> Scanning /Users/sindhu/Projects/AI-Bug-Fixer/backend/env/lib/python3.12/site-packages/pip/_internal/utils/__pycache__...
[2025-02-16 18:28:49] [PROGRESS] resolve files> Scanning /Users/sindhu/Projects/AI-Bug-Fixer/backend/env/lib/python3.12/site-packages/pip/_internal/models...
[2025-02-16 18:28:49] [PROGRESS] resolve files> Scanning /Users/sindhu/Projects/AI-Bug-Fixer/backend/env/lib/python3.12/site-packages/pip/_internal/models/__pycache__...
[2025-02-16 18:28:49] [PROGRESS] resolve files> Scanning /Users/sindhu/Projects/AI-Bug-Fixer/backend/env/lib/python3.12/site-packages/pip/_internal/__pycache__...
[2025-02-16 18:28:49] [PROGRESS] resolve files> Scanning /Users/sindhu/Projects/AI-Bug-Fixer/backend/env/lib/python3.12/site-packages/pip/_internal/cli...
[2025-02-16 18:28:49] [PROGRESS] resolve files> Scanning /Users/sindhu/Projects/AI-Bug-Fixer/backend/env/lib/python3.12/site-packages/pip/_internal/cli/__pycache__...
[2025-02-16 18:28:49] [PROGRESS] resolve files> Scanning /Users/sindhu/Projects/AI-Bug-Fixer/backend/env/lib/python3.12/site-packages/pip/_internal/operations...
[2025-02-16 18:28:49] [PROGRESS] resolve files> Scanning /Users/sindhu/Projects/AI-Bug-Fixer/backend/env/lib/python3.12/site-packages/pip/_internal/operations/install...
[2025-02-16 18:28:49] [PROGRESS] resolve files> Scanning /Users/sindhu/Projects/AI-Bug-Fixer/backend/env/lib/python3.12/site-packages/pip/_internal/operations/install/__pycache__...
[2025-02-16 18:28:49] [PROGRESS] resolve files> Scanning /Users/sindhu/Projects/AI-Bug-Fixer/backend/env/lib/python3.12/site-packages/pip/_internal/operations/__pycache__...
[2025-02-16 18:28:49] [PROGRESS] resolve files> Scanning /Users/sindhu/Projects/AI-Bug-Fixer/backend/env/lib/python3.12/site-packages/pip/_internal/operations/build...
[2025-02-16 18:28:49] [PROGRESS] resolve files> Scanning /Users/sindhu/Projects/AI-Bug-Fixer/backend/env/lib/python3.12/site-packages/pip/_internal/operations/build/__pycache__...
[2025-02-16 18:28:49] [PROGRESS] resolve files> Scanning /Users/sindhu/Projects/AI-Bug-Fixer/backend/env/lib/python3.12/site-packages/pip/_internal/req...
[2025-02-16 18:28:49] [PROGRESS] resolve files> Scanning /Users/sindhu/Projects/AI-Bug-Fixer/backend/env/lib/python3.12/site-packages/pip/_internal/req/__pycache__...
[2025-02-16 18:28:49] [PROGRESS] resolve files> Scanning /Users/sindhu/Projects/AI-Bug-Fixer/backend/env/lib/python3.12/site-packages/pip/_internal/resolution...
[2025-02-16 18:28:49] [PROGRESS] resolve files> Scanning /Users/sindhu/Projects/AI-Bug-Fixer/backend/env/lib/python3.12/site-packages/pip/_internal/resolution/legacy...
[2025-02-16 18:28:49] [PROGRESS] resolve files> Scanning /Users/sindhu/Projects/AI-Bug-Fixer/backend/env/lib/python3.12/site-packages/pip/_internal/resolution/legacy/__pycache__...
[2025-02-16 18:28:49] [PROGRESS] resolve files> Scanning /Users/sindhu/Projects/AI-Bug-Fixer/backend/env/lib/python3.12/site-packages/pip/_internal/resolution/__pycache__...
[2025-02-16 18:28:49] [PROGRESS] resolve files> Scanning /Users/sindhu/Projects/AI-Bug-Fixer/backend/env/lib/python3.12/site-packages/pip/_internal/resolution/resolvelib...
[2025-02-16 18:28:49] [PROGRESS] resolve files> Scanning /Users/sindhu/Projects/AI-Bug-Fixer/backend/env/lib/python3.12/site-packages/pip/_internal/resolution/resolvelib/__pycache__...
[2025-02-16 18:28:49] [PROGRESS] resolve files> Scanning /Users/sindhu/Projects/AI-Bug-Fixer/backend/env/lib/python3.12/site-packages/pip/_internal/vcs...
[2025-02-16 18:28:49] [PROGRESS] resolve files> Scanning /Users/sindhu/Projects/AI-Bug-Fixer/backend/env/lib/python3.12/site-packages/pip/_internal/vcs/__pycache__...
[2025-02-16 18:28:49] [PROGRESS] resolve files> Scanning /Users/sindhu/Projects/AI-Bug-Fixer/backend/env/lib/python3.12/site-packages/pip/_internal/locations...
[2025-02-16 18:28:49] [PROGRESS] resolve files> Scanning /Users/sindhu/Projects/AI-Bug-Fixer/backend/env/lib/python3.12/site-packages/pip/_internal/locations/__pycache__...
[2025-02-16 18:28:49] [PROGRESS] resolve files> Scanning /Users/sindhu/Projects/AI-Bug-Fixer/backend/env/lib/python3.12/site-packages/pip/_internal/index...
[2025-02-16 18:28:49] [PROGRESS] resolve files> Scanning /Users/sindhu/Projects/AI-Bug-Fixer/backend/env/lib/python3.12/site-packages/pip/_internal/index/__pycache__...
[2025-02-16 18:28:49] [PROGRESS] resolve files> Scanning /Users/sindhu/Projects/AI-Bug-Fixer/backend/env/lib/python3.12/site-packages/pip/_internal/commands...
[2025-02-16 18:28:49] [PROGRESS] resolve files> Scanning /Users/sindhu/Projects/AI-Bug-Fixer/backend/env/lib/python3.12/site-packages/pip/_internal/commands/__pycache__...
[2025-02-16 18:28:49] [PROGRESS] resolve files> Scanning /Users/sindhu/Projects/AI-Bug-Fixer/backend/env/lib/python3.12/site-packages/pip/_internal/metadata...
[2025-02-16 18:28:49] [PROGRESS] resolve files> Scanning /Users/sindhu/Projects/AI-Bug-Fixer/backend/env/lib/python3.12/site-packages/pip/_internal/metadata/__pycache__...
[2025-02-16 18:28:49] [PROGRESS] resolve files> Scanning /Users/sindhu/Projects/AI-Bug-Fixer/backend/env/lib/python3.12/site-packages/pip/_internal/metadata/importlib...
[2025-02-16 18:28:49] [PROGRESS] resolve files> Scanning /Users/sindhu/Projects/AI-Bug-Fixer/backend/env/lib/python3.12/site-packages/pip/_internal/metadata/importlib/__pycache__...
[2025-02-16 18:28:49] [PROGRESS] resolve files> Scanning /Users/sindhu/Projects/AI-Bug-Fixer/backend/env/lib/python3.12/site-packages/pip/_internal/distributions...
[2025-02-16 18:28:49] [PROGRESS] resolve files> Scanning /Users/sindhu/Projects/AI-Bug-Fixer/backend/env/lib/python3.12/site-packages/pip/_internal/distributions/__pycache__...
[2025-02-16 18:28:49] [PROGRESS] resolve files> Scanning /Users/sindhu/Projects/AI-Bug-Fixer/backend/env/lib/python3.12/site-packages/pip/_vendor...
[2025-02-16 18:28:49] [PROGRESS] resolve files> Scanning /Users/sindhu/Projects/AI-Bug-Fixer/backend/env/lib/python3.12/site-packages/pip/_vendor/packaging...
[2025-02-16 18:28:49] [PROGRESS] resolve files> Scanning /Users/sindhu/Projects/AI-Bug-Fixer/backend/env/lib/python3.12/site-packages/pip/_vendor/packaging/licenses...
[2025-02-16 18:28:49] [PROGRESS] resolve files> Scanning /Users/sindhu/Projects/AI-Bug-Fixer/backend/env/lib/python3.12/site-packages/pip/_vendor/packaging/licenses/__pycache__...
[2025-02-16 18:28:49] [PROGRESS] resolve files> Scanning /Users/sindhu/Projects/AI-Bug-Fixer/backend/env/lib/python3.12/site-packages/pip/_vendor/packaging/__pycache__...
[2025-02-16 18:28:49] [PROGRESS] resolve files> Scanning /Users/sindhu/Projects/AI-Bug-Fixer/backend/env/lib/python3.12/site-packages/pip/_vendor/truststore...
[2025-02-16 18:28:49] [PROGRESS] resolve files> Scanning /Users/sindhu/Projects/AI-Bug-Fixer/backend/env/lib/python3.12/site-packages/pip/_vendor/truststore/__pycache__...
[2025-02-16 18:28:49] [PROGRESS] resolve files> Scanning /Users/sindhu/Projects/AI-Bug-Fixer/backend/env/lib/python3.12/site-packages/pip/_vendor/msgpack...
[2025-02-16 18:28:49] [PROGRESS] resolve files> Scanning /Users/sindhu/Projects/AI-Bug-Fixer/backend/env/lib/python3.12/site-packages/pip/_vendor/msgpack/__pycache__...
[2025-02-16 18:28:49] [PROGRESS] resolve files> Scanning /Users/sindhu/Projects/AI-Bug-Fixer/backend/env/lib/python3.12/site-packages/pip/_vendor/pygments...
[2025-02-16 18:28:49] [PROGRESS] resolve files> Scanning /Users/sindhu/Projects/AI-Bug-Fixer/backend/env/lib/python3.12/site-packages/pip/_vendor/pygments/filters...
[2025-02-16 18:28:49] [PROGRESS] resolve files> Scanning /Users/sindhu/Projects/AI-Bug-Fixer/backend/env/lib/python3.12/site-packages/pip/_vendor/pygments/filters/__pycache__...
[2025-02-16 18:28:49] [PROGRESS] resolve files> Scanning /Users/sindhu/Projects/AI-Bug-Fixer/backend/env/lib/python3.12/site-packages/pip/_vendor/pygments/lexers...
[2025-02-16 18:28:49] [PROGRESS] resolve files> Scanning /Users/sindhu/Projects/AI-Bug-Fixer/backend/env/lib/python3.12/site-packages/pip/_vendor/pygments/lexers/__pycache__...
[2025-02-16 18:28:49] [PROGRESS] resolve files> Scanning /Users/sindhu/Projects/AI-Bug-Fixer/backend/env/lib/python3.12/site-packages/pip/_vendor/pygments/formatters...
[2025-02-16 18:28:49] [PROGRESS] resolve files> Scanning /Users/sindhu/Projects/AI-Bug-Fixer/backend/env/lib/python3.12/site-packages/pip/_vendor/pygments/formatters/__pycache__...
[2025-02-16 18:28:49] [PROGRESS] resolve files> Scanning /Users/sindhu/Projects/AI-Bug-Fixer/backend/env/lib/python3.12/site-packages/pip/_vendor/pygments/__pycache__...
[2025-02-16 18:28:49] [PROGRESS] resolve files> Scanning /Users/sindhu/Projects/AI-Bug-Fixer/backend/env/lib/python3.12/site-packages/pip/_vendor/pygments/styles...
[2025-02-16 18:28:49] [PROGRESS] resolve files> Scanning /Users/sindhu/Projects/AI-Bug-Fixer/backend/env/lib/python3.12/site-packages/pip/_vendor/pygments/styles/__pycache__...
[2025-02-16 18:28:49] [PROGRESS] resolve files> Scanning /Users/sindhu/Projects/AI-Bug-Fixer/backend/env/lib/python3.12/site-packages/pip/_vendor/distlib...
[2025-02-16 18:28:49] [PROGRESS] resolve files> Scanning /Users/sindhu/Projects/AI-Bug-Fixer/backend/env/lib/python3.12/site-packages/pip/_vendor/distlib/__pycache__...
[2025-02-16 18:28:49] [PROGRESS] resolve files> Scanning /Users/sindhu/Projects/AI-Bug-Fixer/backend/env/lib/python3.12/site-packages/pip/_vendor/distro...
[2025-02-16 18:28:49] [PROGRESS] resolve files> Scanning /Users/sindhu/Projects/AI-Bug-Fixer/backend/env/lib/python3.12/site-packages/pip/_vendor/distro/__pycache__...
[2025-02-16 18:28:49] [PROGRESS] resolve files> Scanning /Users/sindhu/Projects/AI-Bug-Fixer/backend/env/lib/python3.12/site-packages/pip/_vendor/cachecontrol...
[2025-02-16 18:28:49] [PROGRESS] resolve files> Scanning /Users/sindhu/Projects/AI-Bug-Fixer/backend/env/lib/python3.12/site-packages/pip/_vendor/cachecontrol/__pycache__...
[2025-02-16 18:28:49] [PROGRESS] resolve files> Scanning /Users/sindhu/Projects/AI-Bug-Fixer/backend/env/lib/python3.12/site-packages/pip/_vendor/cachecontrol/caches...
[2025-02-16 18:28:49] [PROGRESS] resolve files> Scanning /Users/sindhu/Projects/AI-Bug-Fixer/backend/env/lib/python3.12/site-packages/pip/_vendor/cachecontrol/caches/__pycache__...
[2025-02-16 18:28:49] [PROGRESS] resolve files> Scanning /Users/sindhu/Projects/AI-Bug-Fixer/backend/env/lib/python3.12/site-packages/pip/_vendor/idna...
[2025-02-16 18:28:49] [PROGRESS] resolve files> Scanning /Users/sindhu/Projects/AI-Bug-Fixer/backend/env/lib/python3.12/site-packages/pip/_vendor/idna/__pycache__...
[2025-02-16 18:28:49] [PROGRESS] resolve files> Scanning /Users/sindhu/Projects/AI-Bug-Fixer/backend/env/lib/python3.12/site-packages/pip/_vendor/__pycache__...
[2025-02-16 18:28:49] [PROGRESS] resolve files> Scanning /Users/sindhu/Projects/AI-Bug-Fixer/backend/env/lib/python3.12/site-packages/pip/_vendor/requests...
[2025-02-16 18:28:49] [PROGRESS] resolve files> Scanning /Users/sindhu/Projects/AI-Bug-Fixer/backend/env/lib/python3.12/site-packages/pip/_vendor/requests/__pycache__...
[2025-02-16 18:28:49] [PROGRESS] resolve files> Scanning /Users/sindhu/Projects/AI-Bug-Fixer/backend/env/lib/python3.12/site-packages/pip/_vendor/tomli...
[2025-02-16 18:28:49] [PROGRESS] resolve files> Scanning /Users/sindhu/Projects/AI-Bug-Fixer/backend/env/lib/python3.12/site-packages/pip/_vendor/tomli/__pycache__...
[2025-02-16 18:28:49] [PROGRESS] resolve files> Scanning /Users/sindhu/Projects/AI-Bug-Fixer/backend/env/lib/python3.12/site-packages/pip/_vendor/certifi...
[2025-02-16 18:28:49] [PROGRESS] resolve files> Scanning /Users/sindhu/Projects/AI-Bug-Fixer/backend/env/lib/python3.12/site-packages/pip/_vendor/certifi/__pycache__...
[2025-02-16 18:28:49] [PROGRESS] resolve files> Scanning /Users/sindhu/Projects/AI-Bug-Fixer/backend/env/lib/python3.12/site-packages/pip/_vendor/pyproject_hooks...
[2025-02-16 18:28:49] [PROGRESS] resolve files> Scanning /Users/sindhu/Projects/AI-Bug-Fixer/backend/env/lib/python3.12/site-packages/pip/_vendor/pyproject_hooks/__pycache__...
[2025-02-16 18:28:49] [PROGRESS] resolve files> Scanning /Users/sindhu/Projects/AI-Bug-Fixer/backend/env/lib/python3.12/site-packages/pip/_vendor/pyproject_hooks/_in_process...
[2025-02-16 18:28:49] [PROGRESS] resolve files> Scanning /Users/sindhu/Projects/AI-Bug-Fixer/backend/env/lib/python3.12/site-packages/pip/_vendor/pyproject_hooks/_in_process/__pycache__...
[2025-02-16 18:28:49] [PROGRESS] resolve files> Scanning /Users/sindhu/Projects/AI-Bug-Fixer/backend/env/lib/python3.12/site-packages/pip/_vendor/rich...
[2025-02-16 18:28:49] [PROGRESS] resolve files> Scanning /Users/sindhu/Projects/AI-Bug-Fixer/backend/env/lib/python3.12/site-packages/pip/_vendor/rich/__pycache__...
[2025-02-16 18:28:49] [PROGRESS] resolve files> Scanning /Users/sindhu/Projects/AI-Bug-Fixer/backend/env/lib/python3.12/site-packages/pip/_vendor/urllib3...
[2025-02-16 18:28:49] [PROGRESS] resolve files> Scanning /Users/sindhu/Projects/AI-Bug-Fixer/backend/env/lib/python3.12/site-packages/pip/_vendor/urllib3/util...
[2025-02-16 18:28:49] [PROGRESS] resolve files> Scanning /Users/sindhu/Projects/AI-Bug-Fixer/backend/env/lib/python3.12/site-packages/pip/_vendor/urllib3/util/__pycache__...
[2025-02-16 18:28:49] [PROGRESS] resolve files> Scanning /Users/sindhu/Projects/AI-Bug-Fixer/backend/env/lib/python3.12/site-packages/pip/_vendor/urllib3/__pycache__...
[2025-02-16 18:28:49] [PROGRESS] resolve files> Scanning /Users/sindhu/Projects/AI-Bug-Fixer/backend/env/lib/python3.12/site-packages/pip/_vendor/urllib3/contrib...
[2025-02-16 18:28:49] [PROGRESS] resolve files> Scanning /Users/sindhu/Projects/AI-Bug-Fixer/backend/env/lib/python3.12/site-packages/pip/_vendor/urllib3/contrib/__pycache__...
[2025-02-16 18:28:49] [PROGRESS] resolve files> Scanning /Users/sindhu/Projects/AI-Bug-Fixer/backend/env/lib/python3.12/site-packages/pip/_vendor/urllib3/contrib/_securetransport...
[2025-02-16 18:28:49] [PROGRESS] resolve files> Scanning /Users/sindhu/Projects/AI-Bug-Fixer/backend/env/lib/python3.12/site-packages/pip/_vendor/urllib3/contrib/_securetransport/__pycache__...
[2025-02-16 18:28:49] [PROGRESS] resolve files> Scanning /Users/sindhu/Projects/AI-Bug-Fixer/backend/env/lib/python3.12/site-packages/pip/_vendor/urllib3/packages...
[2025-02-16 18:28:49] [PROGRESS] resolve files> Scanning /Users/sindhu/Projects/AI-Bug-Fixer/backend/env/lib/python3.12/site-packages/pip/_vendor/urllib3/packages/__pycache__...
[2025-02-16 18:28:49] [PROGRESS] resolve files> Scanning /Users/sindhu/Projects/AI-Bug-Fixer/backend/env/lib/python3.12/site-packages/pip/_vendor/urllib3/packages/backports...
[2025-02-16 18:28:49] [PROGRESS] resolve files> Scanning /Users/sindhu/Projects/AI-Bug-Fixer/backend/env/lib/python3.12/site-packages/pip/_vendor/urllib3/packages/backports/__pycache__...
[2025-02-16 18:28:49] [PROGRESS] resolve files> Scanning /Users/sindhu/Projects/AI-Bug-Fixer/backend/env/lib/python3.12/site-packages/pip/_vendor/pkg_resources...
[2025-02-16 18:28:49] [PROGRESS] resolve files> Scanning /Users/sindhu/Projects/AI-Bug-Fixer/backend/env/lib/python3.12/site-packages/pip/_vendor/pkg_resources/__pycache__...
[2025-02-16 18:28:49] [PROGRESS] resolve files> Scanning /Users/sindhu/Projects/AI-Bug-Fixer/backend/env/lib/python3.12/site-packages/pip/_vendor/resolvelib...
[2025-02-16 18:28:49] [PROGRESS] resolve files> Scanning /Users/sindhu/Projects/AI-Bug-Fixer/backend/env/lib/python3.12/site-packages/pip/_vendor/resolvelib/compat...
[2025-02-16 18:28:49] [PROGRESS] resolve files> Scanning /Users/sindhu/Projects/AI-Bug-Fixer/backend/env/lib/python3.12/site-packages/pip/_vendor/resolvelib/compat/__pycache__...
[2025-02-16 18:28:49] [PROGRESS] resolve files> Scanning /Users/sindhu/Projects/AI-Bug-Fixer/backend/env/lib/python3.12/site-packages/pip/_vendor/resolvelib/__pycache__...
[2025-02-16 18:28:49] [PROGRESS] resolve files> Scanning /Users/sindhu/Projects/AI-Bug-Fixer/backend/env/lib/python3.12/site-packages/pip/_vendor/platformdirs...
[2025-02-16 18:28:49] [PROGRESS] resolve files> Scanning /Users/sindhu/Projects/AI-Bug-Fixer/backend/env/lib/python3.12/site-packages/pip/_vendor/platformdirs/__pycache__...
[2025-02-16 18:28:49] [PROGRESS] resolve files> Scanning /Users/sindhu/Projects/AI-Bug-Fixer/backend/env/lib/python3.12/site-packages/pip/__pycache__...
[2025-02-16 18:28:49] [PROGRESS] resolve files> Scanning /Users/sindhu/Projects/AI-Bug-Fixer/backend/env/lib/python3.12/site-packages/anyio-4.8.0.dist-info...
[2025-02-16 18:28:49] [PROGRESS] resolve files> Scanning /Users/sindhu/Projects/AI-Bug-Fixer/backend/env/lib/python3.12/site-packages/sniffio-1.3.1.dist-info...
[2025-02-16 18:28:49] [PROGRESS] resolve files> Scanning /Users/sindhu/Projects/AI-Bug-Fixer/backend/env/lib/python3.12/site-packages/sniffio...
[2025-02-16 18:28:49] [PROGRESS] resolve files> Scanning /Users/sindhu/Projects/AI-Bug-Fixer/backend/env/lib/python3.12/site-packages/sniffio/_tests...
[2025-02-16 18:28:49] [PROGRESS] resolve files> Scanning /Users/sindhu/Projects/AI-Bug-Fixer/backend/env/lib/python3.12/site-packages/sniffio/_tests/__pycache__...
[2025-02-16 18:28:49] [PROGRESS] resolve files> Scanning /Users/sindhu/Projects/AI-Bug-Fixer/backend/env/lib/python3.12/site-packages/sniffio/__pycache__...
[2025-02-16 18:28:49] [PROGRESS] resolve files> Scanning /Users/sindhu/Projects/AI-Bug-Fixer/backend/env/lib/python3.12/site-packages/fastapi...
[2025-02-16 18:28:49] [PROGRESS] resolve files> Scanning /Users/sindhu/Projects/AI-Bug-Fixer/backend/env/lib/python3.12/site-packages/fastapi/middleware...
[2025-02-16 18:28:49] [PROGRESS] resolve files> Scanning /Users/sindhu/Projects/AI-Bug-Fixer/backend/env/lib/python3.12/site-packages/fastapi/middleware/__pycache__...
[2025-02-16 18:28:49] [PROGRESS] resolve files> Scanning /Users/sindhu/Projects/AI-Bug-Fixer/backend/env/lib/python3.12/site-packages/fastapi/security...
[2025-02-16 18:28:49] [PROGRESS] resolve files> Scanning /Users/sindhu/Projects/AI-Bug-Fixer/backend/env/lib/python3.12/site-packages/fastapi/security/__pycache__...
[2025-02-16 18:28:49] [PROGRESS] resolve files> Scanning /Users/sindhu/Projects/AI-Bug-Fixer/backend/env/lib/python3.12/site-packages/fastapi/dependencies...
[2025-02-16 18:28:49] [PROGRESS] resolve files> Scanning /Users/sindhu/Projects/AI-Bug-Fixer/backend/env/lib/python3.12/site-packages/fastapi/dependencies/__pycache__...
[2025-02-16 18:28:49] [PROGRESS] resolve files> Scanning /Users/sindhu/Projects/AI-Bug-Fixer/backend/env/lib/python3.12/site-packages/fastapi/__pycache__...
[2025-02-16 18:28:49] [PROGRESS] resolve files> Scanning /Users/sindhu/Projects/AI-Bug-Fixer/backend/env/lib/python3.12/site-packages/fastapi/openapi...
[2025-02-16 18:28:49] [PROGRESS] resolve files> Scanning /Users/sindhu/Projects/AI-Bug-Fixer/backend/env/lib/python3.12/site-packages/fastapi/openapi/__pycache__...
[2025-02-16 18:28:49] [PROGRESS] resolve files> Scanning /Users/sindhu/Projects/AI-Bug-Fixer/backend/env/lib/python3.12/site-packages/pydantic_core-2.27.2.dist-info...
[2025-02-16 18:28:49] [PROGRESS] resolve files> Scanning /Users/sindhu/Projects/AI-Bug-Fixer/backend/env/lib/python3.12/site-packages/pydantic_core-2.27.2.dist-info/licenses...
[2025-02-16 18:28:49] [PROGRESS] resolve files> Scanning /Users/sindhu/Projects/AI-Bug-Fixer/backend/env/lib/python3.12/site-packages/fastapi-0.115.8.dist-info...
[2025-02-16 18:28:49] [PROGRESS] resolve files> Scanning /Users/sindhu/Projects/AI-Bug-Fixer/backend/env/lib/python3.12/site-packages/fastapi-0.115.8.dist-info/licenses...
[2025-02-16 18:28:49] [PROGRESS] resolve files> Scanning /Users/sindhu/Projects/AI-Bug-Fixer/backend/env/lib/python3.12/site-packages/uvicorn...
[2025-02-16 18:28:49] [PROGRESS] resolve files> Scanning /Users/sindhu/Projects/AI-Bug-Fixer/backend/env/lib/python3.12/site-packages/uvicorn/middleware...
[2025-02-16 18:28:49] [PROGRESS] resolve files> Scanning /Users/sindhu/Projects/AI-Bug-Fixer/backend/env/lib/python3.12/site-packages/uvicorn/middleware/__pycache__...
[2025-02-16 18:28:49] [PROGRESS] resolve files> Scanning /Users/sindhu/Projects/AI-Bug-Fixer/backend/env/lib/python3.12/site-packages/uvicorn/__pycache__...
[2025-02-16 18:28:49] [PROGRESS] resolve files> Scanning /Users/sindhu/Projects/AI-Bug-Fixer/backend/env/lib/python3.12/site-packages/uvicorn/supervisors...
[2025-02-16 18:28:49] [PROGRESS] resolve files> Scanning /Users/sindhu/Projects/AI-Bug-Fixer/backend/env/lib/python3.12/site-packages/uvicorn/supervisors/__pycache__...
[2025-02-16 18:28:49] [PROGRESS] resolve files> Scanning /Users/sindhu/Projects/AI-Bug-Fixer/backend/env/lib/python3.12/site-packages/uvicorn/lifespan...
[2025-02-16 18:28:49] [PROGRESS] resolve files> Scanning /Users/sindhu/Projects/AI-Bug-Fixer/backend/env/lib/python3.12/site-packages/uvicorn/lifespan/__pycache__...
[2025-02-16 18:28:49] [PROGRESS] resolve files> Scanning /Users/sindhu/Projects/AI-Bug-Fixer/backend/env/lib/python3.12/site-packages/uvicorn/loops...
[2025-02-16 18:28:49] [PROGRESS] resolve files> Scanning /Users/sindhu/Projects/AI-Bug-Fixer/backend/env/lib/python3.12/site-packages/uvicorn/loops/__pycache__...
[2025-02-16 18:28:49] [PROGRESS] resolve files> Scanning /Users/sindhu/Projects/AI-Bug-Fixer/backend/env/lib/python3.12/site-packages/uvicorn/protocols...
[2025-02-16 18:28:49] [PROGRESS] resolve files> Scanning /Users/sindhu/Projects/AI-Bug-Fixer/backend/env/lib/python3.12/site-packages/uvicorn/protocols/websockets...
[2025-02-16 18:28:49] [PROGRESS] resolve files> Scanning /Users/sindhu/Projects/AI-Bug-Fixer/backend/env/lib/python3.12/site-packages/uvicorn/protocols/websockets/__pycache__...
[2025-02-16 18:28:49] [PROGRESS] resolve files> Scanning /Users/sindhu/Projects/AI-Bug-Fixer/backend/env/lib/python3.12/site-packages/uvicorn/protocols/__pycache__...
[2025-02-16 18:28:49] [PROGRESS] resolve files> Scanning /Users/sindhu/Projects/AI-Bug-Fixer/backend/env/lib/python3.12/site-packages/uvicorn/protocols/http...
[2025-02-16 18:28:49] [PROGRESS] resolve files> Scanning /Users/sindhu/Projects/AI-Bug-Fixer/backend/env/lib/python3.12/site-packages/uvicorn/protocols/http/__pycache__...
[2025-02-16 18:28:49] [PROGRESS] resolve files> Scanning /Users/sindhu/Projects/AI-Bug-Fixer/backend/env/lib/python3.12/site-packages/typing_extensions-4.12.2.dist-info...
[2025-02-16 18:28:49] [PROGRESS] resolve files> Scanning /Users/sindhu/Projects/AI-Bug-Fixer/backend/env/lib/python3.12/site-packages/pydantic...
[2025-02-16 18:28:49] [PROGRESS] resolve files> Scanning /Users/sindhu/Projects/AI-Bug-Fixer/backend/env/lib/python3.12/site-packages/pydantic/v1...
[2025-02-16 18:28:49] [PROGRESS] resolve files> Scanning /Users/sindhu/Projects/AI-Bug-Fixer/backend/env/lib/python3.12/site-packages/pydantic/v1/__pycache__...
[2025-02-16 18:28:49] [PROGRESS] resolve files> Scanning /Users/sindhu/Projects/AI-Bug-Fixer/backend/env/lib/python3.12/site-packages/pydantic/_internal...
[2025-02-16 18:28:49] [PROGRESS] resolve files> Scanning /Users/sindhu/Projects/AI-Bug-Fixer/backend/env/lib/python3.12/site-packages/pydantic/_internal/__pycache__...
[2025-02-16 18:28:49] [PROGRESS] resolve files> Scanning /Users/sindhu/Projects/AI-Bug-Fixer/backend/env/lib/python3.12/site-packages/pydantic/experimental...
[2025-02-16 18:28:49] [PROGRESS] resolve files> Scanning /Users/sindhu/Projects/AI-Bug-Fixer/backend/env/lib/python3.12/site-packages/pydantic/experimental/__pycache__...
[2025-02-16 18:28:49] [PROGRESS] resolve files> Scanning /Users/sindhu/Projects/AI-Bug-Fixer/backend/env/lib/python3.12/site-packages/pydantic/plugin...
[2025-02-16 18:28:49] [PROGRESS] resolve files> Scanning /Users/sindhu/Projects/AI-Bug-Fixer/backend/env/lib/python3.12/site-packages/pydantic/plugin/__pycache__...
[2025-02-16 18:28:49] [PROGRESS] resolve files> Scanning /Users/sindhu/Projects/AI-Bug-Fixer/backend/env/lib/python3.12/site-packages/pydantic/__pycache__...
[2025-02-16 18:28:49] [PROGRESS] resolve files> Scanning /Users/sindhu/Projects/AI-Bug-Fixer/backend/env/lib/python3.12/site-packages/pydantic/deprecated...
[2025-02-16 18:28:49] [PROGRESS] resolve files> Scanning /Users/sindhu/Projects/AI-Bug-Fixer/backend/env/lib/python3.12/site-packages/pydantic/deprecated/__pycache__...
[2025-02-16 18:28:49] [PROGRESS] resolve files> Scanning /Users/sindhu/Projects/AI-Bug-Fixer/backend/env/lib/python3.12/site-packages/annotated_types-0.7.0.dist-info...
[2025-02-16 18:28:49] [PROGRESS] resolve files> Scanning /Users/sindhu/Projects/AI-Bug-Fixer/backend/env/lib/python3.12/site-packages/annotated_types-0.7.0.dist-info/licenses...
[2025-02-16 18:28:49] [PROGRESS] resolve files> Scanning /Users/sindhu/Projects/AI-Bug-Fixer/backend/env/lib/python3.12/site-packages/pydantic_core...
[2025-02-16 18:28:49] [PROGRESS] resolve files> Scanning /Users/sindhu/Projects/AI-Bug-Fixer/backend/env/lib/python3.12/site-packages/pydantic_core/__pycache__...
[2025-02-16 18:28:49] Plumbing command codeql resolve files completed:
                      [
                        "/Users/sindhu/Projects/AI-Bug-Fixer/backend/my_db/codeql-database.yml"
                      ]
[2025-02-16 18:28:49] [DETAILS] database index-files> Found 1 files.
[2025-02-16 18:28:49] [PROGRESS] database index-files> /Users/sindhu/Projects/AI-Bug-Fixer/backend/my_db: Indexing files in in /Users/sindhu/Projects/AI-Bug-Fixer/backend...
[2025-02-16 18:28:49] Using index-files script /opt/homebrew/Caskroom/codeql/2.20.4/codeql/yaml/tools/index-files.sh.
[2025-02-16 18:28:49] [PROGRESS] database index-files> Running command in /Users/sindhu/Projects/AI-Bug-Fixer/backend: [/opt/homebrew/Caskroom/codeql/2.20.4/codeql/yaml/tools/index-files.sh, /Users/sindhu/Projects/AI-Bug-Fixer/backend/my_db/working/files-to-index14238560863942832425.list]
[2025-02-16 18:28:50] Terminating normally.
